Build started 12/13/2019 5:02:17 PM.
     1>Project "C:\Users\UserPC\Documents\Faks - 2. god\Strukture Podataka\Database - Seminarski Rad\source_files\take1\take1\take1.vcxproj" on node 2 (Build target(s)).
     1>ClCompile:
         C:\Program Files (x86)\Microsoft Visual Studio 12.0\VC\bin\CL.exe /c /ZI /nologo /W3 /WX- /sdl /Od /Oy- /D _MBCS /Gm /EHsc /RTC1 /MDd /GS /fp:precise /Zc:wchar_t /Zc:forScope /Fo"Debug\\" /Fd"Debug\vc120.pdb" /Gd /TC /analyze- /errorReport:prompt Source.c
         Source.c
     1>c:\users\userpc\documents\faks - 2. god\strukture podataka\database - seminarski rad\source_files\take1\take1\source.c(56): error C2075: 'aa' : array initialization needs curly braces
     1>c:\users\userpc\documents\faks - 2. god\strukture podataka\database - seminarski rad\source_files\take1\take1\source.c(56): error C2075: 'bb' : array initialization needs curly braces
     1>c:\users\userpc\documents\faks - 2. god\strukture podataka\database - seminarski rad\source_files\take1\take1\source.c(77): warning C4133: 'function' : incompatible types - from 'FILE *' to 'const char *'
     1>Done Building Project "C:\Users\UserPC\Documents\Faks - 2. god\Strukture Podataka\Database - Seminarski Rad\source_files\take1\take1\take1.vcxproj" (Build target(s)) -- FAILED.

Build FAILED.

Time Elapsed 00:00:00.18
